<?xml version="1.0" encoding="UTF-8"?>
<testsuite name="CeaserCipherTest" tests="3" skipped="0" failures="0" errors="0" timestamp="2019-09-02T08:38:16" hostname="ferdinand-HP-PAVILION-15-P200NIA-PC" time="0.01">
  <properties/>
  <testcase name="isCipherWorking" classname="CeaserCipherTest" time="0.004"/>
  <testcase name="checkForText" classname="CeaserCipherTest" time="0.0"/>
  <testcase name="instantiateClass" classname="CeaserCipherTest" time="0.005"/>
  <system-out><![CDATA[]]></system-out>
  <system-err><![CDATA[]]></system-err>
</testsuite>
